
Showing logs for build [32miustinam90-yo-backend-master-1[0m stage [32mmeta-pipeline[0m and container [32mstep-credential-initializer-2csdk[0m
{"level":"warn","ts":1568996256.918015,"logger":"fallback-logger","caller":"logging/config.go:69","msg":"Fetch GitHub commit ID from kodata failed: \"ref: refs/heads/master\" is not a valid GitHub commit ID"}
{"level":"info","ts":1568996256.9183526,"logger":"fallback-logger","caller":"creds-init/main.go:40","msg":"Credentials initialized."}

Showing logs for build [32miustinam90-yo-backend-master-1[0m stage [32mmeta-pipeline[0m and container [32mstep-working-dir-initializer-mcrrq[0m
{"level":"warn","ts":1568996258.7704165,"logger":"fallback-logger","caller":"logging/config.go:69","msg":"Fetch GitHub commit ID from kodata failed: open /var/run/ko/HEAD: no such file or directory"}
{"level":"info","ts":1568996258.7714417,"logger":"fallback-logger","caller":"bash/main.go:65","msg":"Successfully executed command \"mkdir -p /workspace/source\""}

Showing logs for build [32miustinam90-yo-backend-master-1[0m stage [32mmeta-pipeline[0m and container [32mstep-place-tools[0m

Showing logs for build [32miustinam90-yo-backend-master-1[0m stage [32mmeta-pipeline[0m and container [32mstep-git-source-meta-iustinam90-yo-backend-mast-szjz2[0m
{"level":"warn","ts":1568996264.8602967,"logger":"fallback-logger","caller":"logging/config.go:69","msg":"Fetch GitHub commit ID from kodata failed: \"ref: refs/heads/master\" is not a valid GitHub commit ID"}
{"level":"info","ts":1568996265.0436413,"logger":"fallback-logger","caller":"git/git.go:102","msg":"Successfully cloned https://github.com/**********/yo-backend.git @ 3e84acbc976b1686dac812db5d72637dfa083cf8 in path /workspace/source"}

Showing logs for build [32miustinam90-yo-backend-master-1[0m stage [32mmeta-pipeline[0m and container [32mstep-git-merge[0m
Using SHAs from PULL_REFS=master:3e84acbc976b1686dac812db5d72637dfa083cf8
WARNING: no SHAs to merge, falling back to initial cloned commit

Showing logs for build [32miustinam90-yo-backend-master-1[0m stage [32mmeta-pipeline[0m and container [32mstep-merge-pull-refs[0m
SKIP merge-pull-refs: Nothing to merge

Showing logs for build [32miustinam90-yo-backend-master-1[0m stage [32mmeta-pipeline[0m and container [32mstep-create-effective-pipeline[0m
Deleting and cloning the Jenkins X versions repo
Cloning the Jenkins X versions repo https://github.com/jenkins-x/jenkins-x-versions.git with ref refs/heads/master to /builder/home/.**/jenkins-x-versions
Effective pipeline written to jenkins-x-effective.yml

Showing logs for build [32miustinam90-yo-backend-master-1[0m stage [32mmeta-pipeline[0m and container [32mstep-create-tekton-crds[0m
running command: ** step next-version --use-git-tag-only --tag
created new version: 0.0.11 and written to file: ./VERSION
Updating chart version in charts/yo-backend/Chart.yaml to 0.0.11
Updating repository in charts/yo-backend/values.yaml to 000360016411.dkr.ecr.us-east-2.amazonaws.com/**********/yo-backend
Updating tag in charts/yo-backend/values.yaml to 0.0.11
Tag v0.0.11 created and pushed to remote origin

WARNING: failed to find secret kaniko-secret in namespace **: secrets "kaniko-secret" not found
PipelineActivity for **********-yo-backend-master-1
Applying changes 
upserted PipelineResource **********-yo-backend-master for the git repository https://github.com/**********/yo-backend.git
upserted Task **********-yo-backend-master-from-build-pack-1
upserted Pipeline **********-yo-backend-master-1
created PipelineRun **********-yo-backend-master-1
created PipelineStructure **********-yo-backend-master-1

Showing logs for build [32miustinam90-yo-backend-master-1[0m stage [32mfrom-build-pack[0m and container [32mstep-credential-initializer-mrzn2[0m
{"level":"warn","ts":1568996273.2317724,"logger":"fallback-logger","caller":"logging/config.go:69","msg":"Fetch GitHub commit ID from kodata failed: \"ref: refs/heads/master\" is not a valid GitHub commit ID"}
{"level":"info","ts":1568996273.2320404,"logger":"fallback-logger","caller":"creds-init/main.go:40","msg":"Credentials initialized."}

Showing logs for build [32miustinam90-yo-backend-master-1[0m stage [32mfrom-build-pack[0m and container [32mstep-working-dir-initializer-d72nv[0m
{"level":"warn","ts":1568996274.0273407,"logger":"fallback-logger","caller":"logging/config.go:69","msg":"Fetch GitHub commit ID from kodata failed: open /var/run/ko/HEAD: no such file or directory"}
{"level":"info","ts":1568996274.0284333,"logger":"fallback-logger","caller":"bash/main.go:65","msg":"Successfully executed command \"mkdir -p /workspace/source /workspace/source/charts/yo-backend\""}

Showing logs for build [32miustinam90-yo-backend-master-1[0m stage [32mfrom-build-pack[0m and container [32mstep-place-tools[0m

Showing logs for build [32miustinam90-yo-backend-master-1[0m stage [32mfrom-build-pack[0m and container [32mstep-git-source-iustinam90-yo-backend-master-mcg2p[0m
{"level":"warn","ts":1568996334.0970035,"logger":"fallback-logger","caller":"logging/config.go:69","msg":"Fetch GitHub commit ID from kodata failed: \"ref: refs/heads/master\" is not a valid GitHub commit ID"}
{"level":"info","ts":1568996334.236476,"logger":"fallback-logger","caller":"git/git.go:102","msg":"Successfully cloned https://github.com/**********/yo-backend.git @ v0.0.11 in path /workspace/source"}

Showing logs for build [32miustinam90-yo-backend-master-1[0m stage [32mfrom-build-pack[0m and container [32mstep-git-merge[0m
Using SHAs from PULL_REFS=master:3e84acbc976b1686dac812db5d72637dfa083cf8
WARNING: no SHAs to merge, falling back to initial cloned commit

Showing logs for build [32miustinam90-yo-backend-master-1[0m stage [32mfrom-build-pack[0m and container [32mstep-setup-jx-git-credentials[0m
Generated Git credentials file /workspace/xdg_config/git/credentials

Showing logs for build [32miustinam90-yo-backend-master-1[0m stage [32mfrom-build-pack[0m and container [32mstep-build-container-build[0m
[36mINFO[0m[0000] Downloading base image ruby:2.6.3            
[36mINFO[0m[0000] Error while retrieving image from cache: getting file info: stat /workspace/sha256:2afcffd1a8276d58ef7d2c6d440c83290831abc2d80772a7af720db9aca9cd2e: no such file or directory 
[36mINFO[0m[0000] Downloading base image ruby:2.6.3            
[36mINFO[0m[0000] Checking for cached layer 000360016411.dkr.ecr.us-east-2.amazonaws.com/todo/cache:b928723e4297addaca720c94a50b1f3a6d2647437e8b16bf486792f7c8332fd2... 
[36mINFO[0m[0000] No cached layer found for cmd RUN mkdir /app 
[36mINFO[0m[0000] Unpacking rootfs as cmd RUN mkdir /app requires it. 
[36mINFO[0m[0013] Taking snapshot of full filesystem...        
[36mINFO[0m[0019] RUN mkdir /app                               
[36mINFO[0m[0019] cmd: /bin/sh                                 
[36mINFO[0m[0019] args: [-c mkdir /app]                        
[36mINFO[0m[0019] Taking snapshot of full filesystem...        
[36mINFO[0m[0022] WORKDIR /app                                 
[36mINFO[0m[0022] cmd: workdir                                 
[36mINFO[0m[0022] Changed working directory to /app            
[36mINFO[0m[0022] No files changed in this command, skipping snapshotting. 
[36mINFO[0m[0022] Using files from context: [/workspace/source/Gemfile /workspace/source/Gemfile.lock] 
[36mINFO[0m[0022] Pushing layer 000360016411.dkr.ecr.us-east-2.amazonaws.com/todo/cache:b928723e4297addaca720c94a50b1f3a6d2647437e8b16bf486792f7c8332fd2 to cache now 
[36mINFO[0m[0022] ADD Gemfile Gemfile.lock /app/               
[36mINFO[0m[0022] Taking snapshot of files...                  
[36mINFO[0m[0022] RUN bundle install                           
[36mINFO[0m[0022] cmd: /bin/sh                                 
[36mINFO[0m[0022] args: [-c bundle install]                    
Fetching gem metadata from https://rubygems.org/.........
Fetching backports 3.15.0
Installing backports 3.15.0
Using bundler 1.17.2
Fetching multi_json 1.13.1
Installing multi_json 1.13.1
Fetching mustermann 1.0.3
Installing mustermann 1.0.3
Fetching rack 2.0.7
Installing rack 2.0.7
Fetching rack-protection 2.0.5
Installing rack-protection 2.0.5
Fetching tilt 2.0.9
Installing tilt 2.0.9
Fetching sinatra 2.0.5
Installing sinatra 2.0.5
Fetching sinatra-contrib 2.0.5
Installing sinatra-contrib 2.0.5
Fetching sinatra-cross_origin 0.4.0
Installing sinatra-cross_origin 0.4.0
Bundle complete! 3 Gemfile dependencies, 10 gems now installed.
Bundled gems are installed into `/usr/local/bundle`
[36mINFO[0m[0025] Taking snapshot of full filesystem...        
[36mINFO[0m[0029] Pushing layer 000360016411.dkr.ecr.us-east-2.amazonaws.com/todo/cache:3097df1f5dbb3f05a8fb67677a62bb71cf951b286596b322f386d88d4398c77a to cache now 
[36mINFO[0m[0029] Using files from context: [/workspace/source] 
[36mINFO[0m[0029] ADD . /app                                   
[36mINFO[0m[0029] Taking snapshot of files...                  
[36mINFO[0m[0029] CMD ruby web.rb                              
[36mINFO[0m[0029] No files changed in this command, skipping snapshotting. 
[33mWARN[0m[0030] error uploading layer to cache: failed to push to destination 000360016411.dkr.ecr.us-east-2.amazonaws.com/todo/cache:b928723e4297addaca720c94a50b1f3a6d2647437e8b16bf486792f7c8332fd2: NAME_UNKNOWN: The repository with name 'todo/cache' does not exist in the registry with id '000360016411' 
2019/09/20 16:19:27 pushed blob: sha256:69f5f23fa9a5b16fdab211df164ffd051c6b97a7152a37405f21800c95052875
2019/09/20 16:19:27 pushed blob: sha256:ba459a02582461864602d1f31ad89c98fd966f8ed8db58464db1bb3cd12da9d0
2019/09/20 16:19:27 pushed blob: sha256:1f85508cf3dd7cc0f7c1e1061fe70e7a26cad7db4df7193d753208f1896c738e
2019/09/20 16:19:27 pushed blob: sha256:e41d4ebe1137962ea51cc4e041727a07bce0c4d3013918a48c26a5b016724fc7
2019/09/20 16:19:27 pushed blob: sha256:4ceeca44b38dc9d9eed79b7d4513eb80b32cc03df404fce746dd5c2c113ef3dd
2019/09/20 16:19:28 pushed blob: sha256:d57fce3159c9736119b102715f1000042eb8f4764a8d68815c603138808b7fda
2019/09/20 16:19:29 pushed blob: sha256:bbab4ec87ac4f89eaabdf68dddbd1dd930e3ad43bded38d761b89abf9389a893
2019/09/20 16:19:29 pushed blob: sha256:2ea1f7804402db2da64e84a26bd591f41667ad69cd7f2a2c6106d9bb04dde260
2019/09/20 16:19:30 pushed blob: sha256:c4b50f43bf2754f8c52c7041fb710495a4525646301672d1ad2c32aab020456b
2019/09/20 16:19:31 pushed blob: sha256:a20621e78e1fbab9e9d77ecb014a567090c133f44abdd15f8fbc6687d6031b3e
2019/09/20 16:19:33 pushed blob: sha256:4ae16bd4778367b46064f39554128dd2fda2803a5747fddeff74059f353391c9
2019/09/20 16:19:34 pushed blob: sha256:96465440c20877524189ae75d361dd29e5d0df330a8dac9427f972b429fe0159
2019/09/20 16:19:49 pushed blob: sha256:6ac892e64b941f376c41f33aa31e39a69bbc457c5b9e436b5ecf451a6d4c651e
2019/09/20 16:19:50 000360016411.dkr.ecr.us-east-2.amazonaws.com/**********/yo-backend:0.0.11: digest: sha256:b62c2baee9f72c37497a62517ff53a02117cb32e102fc2430926bcaf4c1043c8 size: 2219

Showing logs for build [32miustinam90-yo-backend-master-1[0m stage [32mfrom-build-pack[0m and container [32mstep-build-post-build[0m
no CVE provider running in the current ** namespace so skip adding image to be analysed

Showing logs for build [32miustinam90-yo-backend-master-1[0m stage [32mfrom-build-pack[0m and container [32mstep-promote-changelog[0m
Converted /workspace/source/charts/yo-backend to an unshallow repository
Generating change log from git ref be3bd96724a757f79f991e3dbde3976945b82b35 => 81a068d8d5a701279a3d093f053f890441918fd2
Associating user x-0 in users.jenkins.io with email melinte@adobe.com to git GitProvider user with login -0 as emails match
Adding label jenkins.io/git-github-userid=-0 to user x-0 in users.jenkins.io
WARNING: Failed to enrich commit 3e84acbc976b1686dac812db5d72637dfa083cf8 with issues: User.jenkins.io "x-0" is invalid: metadata.labels: Invalid value: "-0": a valid label must be an empty string or consist of alphanumeric characters, '-', '_' or '.', and must start and end with an alphanumeric character (e.g. 'MyValue',  or 'my_value',  or '12345', regex used for validation is '(([A-Za-z0-9][-A-Za-z0-9_.]*)?[A-Za-z0-9])?')
Finding issues in commit messages using git format
WARNING: No release found for **********/yo-backend and tag v0.0.11 so creating a new release
Updated the release information at https://github.com/**********/yo-backend/releases/tag/v0.0.11
generated: /workspace/source/charts/yo-backend/templates/release.yaml
Created Release yo-backend-0-0-11 resource in namespace **
Updating PipelineActivity **********-yo-backend-master-1 with version 0.0.11
Updated PipelineActivities **********-yo-backend-master-1 with release notes URL: https://github.com/**********/yo-backend/releases/tag/v0.0.11

Showing logs for build [32miustinam90-yo-backend-master-1[0m stage [32mfrom-build-pack[0m and container [32mstep-promote-helm-release[0m
WARNING: No $CHART_REPOSITORY defined so using the default value of: http://jenkins-x-chartmuseum:8080
Adding missing Helm repo: storage.googleapis.com https://storage.googleapis.com/chartmuseum.jenkins-x.io
Successfully added Helm repository storage.googleapis.com.
Adding missing Helm repo: jenkins-x-chartmuseum http://jenkins-x-chartmuseum:8080
Successfully added Helm repository jenkins-x-chartmuseum.
WARNING: No $CHART_REPOSITORY defined so using the default value of: http://jenkins-x-chartmuseum:8080
Uploading chart file yo-backend-0.0.11.tgz to http://jenkins-x-chartmuseum:8080/api/charts
Received 201 response: {"saved":true}

Showing logs for build [32miustinam90-yo-backend-master-1[0m stage [32mfrom-build-pack[0m and container [32mstep-promote-jx-promote[0m
WARNING: prow based install so skip waiting for the merge of Pull Requests to go green as currently there is an issue with gettingstatuses from the PR, see https://github.com/jenkins-x/**/issues/2410
Promoting app yo-backend version 0.0.11 to namespace **-staging
Created Pull Request: https://github.com/**********/environment-legrune-staging/pull/1
Pull Request https://github.com/**********/environment-legrune-staging/pull/1 is merged at sha d5555ce7fba3e39f4bc4e97e7800c8d8a3c5bf97
Pull Request merged but we are not waiting for the update pipeline to complete!
WARNING: Could not find the service URL in namespace **-staging for names yo-backend, **-yo-backend, **-staging-yo-backend
