
Showing logs for build [32miustinam90-yo-backend-master-re-2[0m stage [32mmeta-pipeline[0m and container [32mstep-credential-initializer-5hl9q[0m
{"level":"warn","ts":1568996937.7707295,"logger":"fallback-logger","caller":"logging/config.go:69","msg":"Fetch GitHub commit ID from kodata failed: \"ref: refs/heads/master\" is not a valid GitHub commit ID"}
{"level":"info","ts":1568996937.7710931,"logger":"fallback-logger","caller":"creds-init/main.go:40","msg":"Credentials initialized."}

Showing logs for build [32miustinam90-yo-backend-master-re-2[0m stage [32mmeta-pipeline[0m and container [32mstep-working-dir-initializer-xl4jg[0m
{"level":"warn","ts":1568996938.4024577,"logger":"fallback-logger","caller":"logging/config.go:69","msg":"Fetch GitHub commit ID from kodata failed: open /var/run/ko/HEAD: no such file or directory"}
{"level":"info","ts":1568996938.4036894,"logger":"fallback-logger","caller":"bash/main.go:65","msg":"Successfully executed command \"mkdir -p /workspace/source\""}

Showing logs for build [32miustinam90-yo-backend-master-re-2[0m stage [32mmeta-pipeline[0m and container [32mstep-place-tools[0m

Showing logs for build [32miustinam90-yo-backend-master-re-2[0m stage [32mmeta-pipeline[0m and container [32mstep-git-source-meta-iustinam90-yo-backend-mast-2ctpr[0m
{"level":"warn","ts":1568996943.4471343,"logger":"fallback-logger","caller":"logging/config.go:69","msg":"Fetch GitHub commit ID from kodata failed: \"ref: refs/heads/master\" is not a valid GitHub commit ID"}
{"level":"info","ts":1568996943.588462,"logger":"fallback-logger","caller":"git/git.go:102","msg":"Successfully cloned https://github.com/**********/yo-backend.git @ 4dc0512147b61872bfc86fb87f06156b106757b5 in path /workspace/source"}

Showing logs for build [32miustinam90-yo-backend-master-re-2[0m stage [32mmeta-pipeline[0m and container [32mstep-git-merge[0m
Using SHAs from PULL_REFS=master:4dc0512147b61872bfc86fb87f06156b106757b5
WARNING: no SHAs to merge, falling back to initial cloned commit

Showing logs for build [32miustinam90-yo-backend-master-re-2[0m stage [32mmeta-pipeline[0m and container [32mstep-merge-pull-refs[0m
SKIP merge-pull-refs: Nothing to merge

Showing logs for build [32miustinam90-yo-backend-master-re-2[0m stage [32mmeta-pipeline[0m and container [32mstep-create-effective-pipeline[0m
Deleting and cloning the Jenkins X versions repo
Cloning the Jenkins X versions repo https://github.com/jenkins-x/jenkins-x-versions.git with ref refs/heads/master to /builder/home/.**/jenkins-x-versions
Effective pipeline written to jenkins-x-release-effective.yml

Showing logs for build [32miustinam90-yo-backend-master-re-2[0m stage [32mmeta-pipeline[0m and container [32mstep-create-tekton-crds[0m
running command: ** step next-version --use-git-tag-only --tag
created new version: 0.0.12 and written to file: ./VERSION
Updating chart version in charts/yo-backend/Chart.yaml to 0.0.12
Updating repository in charts/yo-backend/values.yaml to 000360016411.dkr.ecr.us-east-2.amazonaws.com/**********/yo-backend
Updating tag in charts/yo-backend/values.yaml to 0.0.12
Tag v0.0.12 created and pushed to remote origin

WARNING: failed to find secret kaniko-secret in namespace **: secrets "kaniko-secret" not found
PipelineActivity for **********-yo-backend-master-2
Applying changes 
upserted PipelineResource **********-yo-backend-master-re for the git repository https://github.com/**********/yo-backend.git
upserted Task **********-yo-backend-master-re-from-build-pack-2
upserted Pipeline **********-yo-backend-master-re-2
created PipelineRun **********-yo-backend-master-re-2
created PipelineStructure **********-yo-backend-master-re-2

Showing logs for build [32miustinam90-yo-backend-master-re-2[0m stage [32mfrom-build-pack[0m and container [32mstep-credential-initializer-k75zj[0m
{"level":"warn","ts":1568996955.7467434,"logger":"fallback-logger","caller":"logging/config.go:69","msg":"Fetch GitHub commit ID from kodata failed: \"ref: refs/heads/master\" is not a valid GitHub commit ID"}
{"level":"info","ts":1568996955.747454,"logger":"fallback-logger","caller":"creds-init/main.go:40","msg":"Credentials initialized."}

Showing logs for build [32miustinam90-yo-backend-master-re-2[0m stage [32mfrom-build-pack[0m and container [32mstep-working-dir-initializer-qp6nd[0m
{"level":"warn","ts":1568996958.909354,"logger":"fallback-logger","caller":"logging/config.go:69","msg":"Fetch GitHub commit ID from kodata failed: open /var/run/ko/HEAD: no such file or directory"}
{"level":"info","ts":1568996958.9103773,"logger":"fallback-logger","caller":"bash/main.go:65","msg":"Successfully executed command \"mkdir -p /workspace/source /workspace/source/charts/yo-backend\""}

Showing logs for build [32miustinam90-yo-backend-master-re-2[0m stage [32mfrom-build-pack[0m and container [32mstep-place-tools[0m

Showing logs for build [32miustinam90-yo-backend-master-re-2[0m stage [32mfrom-build-pack[0m and container [32mstep-git-source-iustinam90-yo-backend-master-re-8tjbp[0m
{"level":"warn","ts":1568997039.9975157,"logger":"fallback-logger","caller":"logging/config.go:69","msg":"Fetch GitHub commit ID from kodata failed: \"ref: refs/heads/master\" is not a valid GitHub commit ID"}
{"level":"info","ts":1568997040.1529665,"logger":"fallback-logger","caller":"git/git.go:102","msg":"Successfully cloned https://github.com/**********/yo-backend.git @ v0.0.12 in path /workspace/source"}

Showing logs for build [32miustinam90-yo-backend-master-re-2[0m stage [32mfrom-build-pack[0m and container [32mstep-git-merge[0m
Using SHAs from PULL_REFS=master:4dc0512147b61872bfc86fb87f06156b106757b5
WARNING: no SHAs to merge, falling back to initial cloned commit

Showing logs for build [32miustinam90-yo-backend-master-re-2[0m stage [32mfrom-build-pack[0m and container [32mstep-setup-jx-git-credentials[0m
Generated Git credentials file /workspace/xdg_config/git/credentials

Showing logs for build [32miustinam90-yo-backend-master-re-2[0m stage [32mfrom-build-pack[0m and container [32mstep-build-container-build[0m
[36mINFO[0m[0000] Downloading base image ruby:2.6.3            
[36mINFO[0m[0000] Error while retrieving image from cache: getting file info: stat /workspace/sha256:2afcffd1a8276d58ef7d2c6d440c83290831abc2d80772a7af720db9aca9cd2e: no such file or directory 
[36mINFO[0m[0000] Downloading base image ruby:2.6.3            
[36mINFO[0m[0000] Checking for cached layer 000360016411.dkr.ecr.us-east-2.amazonaws.com/todo/cache:b928723e4297addaca720c94a50b1f3a6d2647437e8b16bf486792f7c8332fd2... 
[36mINFO[0m[0000] No cached layer found for cmd RUN mkdir /app 
[36mINFO[0m[0000] Unpacking rootfs as cmd RUN mkdir /app requires it. 
[36mINFO[0m[0013] Taking snapshot of full filesystem...        
[36mINFO[0m[0020] RUN mkdir /app                               
[36mINFO[0m[0020] cmd: /bin/sh                                 
[36mINFO[0m[0020] args: [-c mkdir /app]                        
[36mINFO[0m[0020] Taking snapshot of full filesystem...        
[36mINFO[0m[0023] WORKDIR /app                                 
[36mINFO[0m[0023] cmd: workdir                                 
[36mINFO[0m[0023] Changed working directory to /app            
[36mINFO[0m[0023] No files changed in this command, skipping snapshotting. 
[36mINFO[0m[0023] Using files from context: [/workspace/source/Gemfile /workspace/source/Gemfile.lock] 
[36mINFO[0m[0023] ADD Gemfile Gemfile.lock /app/               
[36mINFO[0m[0023] Taking snapshot of files...                  
[36mINFO[0m[0023] Pushing layer 000360016411.dkr.ecr.us-east-2.amazonaws.com/todo/cache:b928723e4297addaca720c94a50b1f3a6d2647437e8b16bf486792f7c8332fd2 to cache now 
[36mINFO[0m[0023] RUN bundle install                           
[36mINFO[0m[0023] cmd: /bin/sh                                 
[36mINFO[0m[0023] args: [-c bundle install]                    
Fetching gem metadata from https://rubygems.org/.........
Fetching backports 3.15.0
Installing backports 3.15.0
Using bundler 1.17.2
Fetching multi_json 1.13.1
Installing multi_json 1.13.1
Fetching mustermann 1.0.3
Installing mustermann 1.0.3
Fetching rack 2.0.7
Installing rack 2.0.7
Fetching rack-protection 2.0.5
Installing rack-protection 2.0.5
Fetching tilt 2.0.9
Installing tilt 2.0.9
Fetching sinatra 2.0.5
Installing sinatra 2.0.5
Fetching sinatra-contrib 2.0.5
Installing sinatra-contrib 2.0.5
Fetching sinatra-cross_origin 0.4.0
Installing sinatra-cross_origin 0.4.0
Bundle complete! 3 Gemfile dependencies, 10 gems now installed.
Bundled gems are installed into `/usr/local/bundle`
[36mINFO[0m[0027] Taking snapshot of full filesystem...        
[36mINFO[0m[0032] Using files from context: [/workspace/source] 
[36mINFO[0m[0032] Pushing layer 000360016411.dkr.ecr.us-east-2.amazonaws.com/todo/cache:3097df1f5dbb3f05a8fb67677a62bb71cf951b286596b322f386d88d4398c77a to cache now 
[36mINFO[0m[0032] ADD . /app                                   
[36mINFO[0m[0032] Taking snapshot of files...                  
[36mINFO[0m[0032] CMD ruby web.rb                              
[36mINFO[0m[0032] No files changed in this command, skipping snapshotting. 
[33mWARN[0m[0032] error uploading layer to cache: failed to push to destination 000360016411.dkr.ecr.us-east-2.amazonaws.com/todo/cache:b928723e4297addaca720c94a50b1f3a6d2647437e8b16bf486792f7c8332fd2: NAME_UNKNOWN: The repository with name 'todo/cache' does not exist in the registry with id '000360016411' 
2019/09/20 16:31:15 existing blob: sha256:2ea1f7804402db2da64e84a26bd591f41667ad69cd7f2a2c6106d9bb04dde260
2019/09/20 16:31:15 existing blob: sha256:4ae16bd4778367b46064f39554128dd2fda2803a5747fddeff74059f353391c9
2019/09/20 16:31:15 existing blob: sha256:6ac892e64b941f376c41f33aa31e39a69bbc457c5b9e436b5ecf451a6d4c651e
2019/09/20 16:31:15 existing blob: sha256:4ceeca44b38dc9d9eed79b7d4513eb80b32cc03df404fce746dd5c2c113ef3dd
2019/09/20 16:31:15 existing blob: sha256:1f85508cf3dd7cc0f7c1e1061fe70e7a26cad7db4df7193d753208f1896c738e
2019/09/20 16:31:15 existing blob: sha256:96465440c20877524189ae75d361dd29e5d0df330a8dac9427f972b429fe0159
2019/09/20 16:31:15 existing blob: sha256:c4b50f43bf2754f8c52c7041fb710495a4525646301672d1ad2c32aab020456b
2019/09/20 16:31:15 existing blob: sha256:bbab4ec87ac4f89eaabdf68dddbd1dd930e3ad43bded38d761b89abf9389a893
2019/09/20 16:31:16 pushed blob: sha256:adb527c31d48335ac917379596920ca375d317334e9474416777351d348bdadd
2019/09/20 16:31:16 pushed blob: sha256:1d1dc8483f42e0daf0f8cbe626e55c278cf00edc1dd94ed03a27827b075dcf27
2019/09/20 16:31:16 pushed blob: sha256:a420b4e34c7e7ef1f586a7bb212a53d19cd48bb4d0f0b5b474196d45851a13b6
2019/09/20 16:31:16 pushed blob: sha256:47f57269cb625d2804a7bb5ba0b029a040ec061f3bec07ec6cef4c911193d386
2019/09/20 16:31:19 pushed blob: sha256:56c4839bfc4d15c0aabb41269ff56b1da9cd4460bf476af042ca15dc6c53df91
2019/09/20 16:31:19 000360016411.dkr.ecr.us-east-2.amazonaws.com/**********/yo-backend:0.0.12: digest: sha256:4b26f64b3eaf4892467cfaf6b486be35c23970989bb9906fd8fa3e5509841c4e size: 2219

Showing logs for build [32miustinam90-yo-backend-master-re-2[0m stage [32mfrom-build-pack[0m and container [32mstep-build-post-build[0m
no CVE provider running in the current ** namespace so skip adding image to be analysed

Showing logs for build [32miustinam90-yo-backend-master-re-2[0m stage [32mfrom-build-pack[0m and container [32mstep-promote-changelog[0m
Converted /workspace/source/charts/yo-backend to an unshallow repository
Generating change log from git ref 81a068d8d5a701279a3d093f053f890441918fd2 => 63cbfb173d7e3c31f336b90b26e28bfcd021430e
Associating user x-0 in users.jenkins.io with email melinte@adobe.com to git GitProvider user with login -0 as emails match
Adding label jenkins.io/git-github-userid=-0 to user x-0 in users.jenkins.io
WARNING: Failed to enrich commit bb388f5234fbd3019771516cfdf71c8c462f4971 with issues: User.jenkins.io "x-0" is invalid: metadata.labels: Invalid value: "-0": a valid label must be an empty string or consist of alphanumeric characters, '-', '_' or '.', and must start and end with an alphanumeric character (e.g. 'MyValue',  or 'my_value',  or '12345', regex used for validation is '(([A-Za-z0-9][-A-Za-z0-9_.]*)?[A-Za-z0-9])?')
Associating user x-0 in users.jenkins.io with email melinte@adobe.com to git GitProvider user with login -0 as emails match
Adding label jenkins.io/git-github-userid=-0 to user x-0 in users.jenkins.io
WARNING: Failed to enrich commit bb388f5234fbd3019771516cfdf71c8c462f4971 with issues: User.jenkins.io "x-0" is invalid: metadata.labels: Invalid value: "-0": a valid label must be an empty string or consist of alphanumeric characters, '-', '_' or '.', and must start and end with an alphanumeric character (e.g. 'MyValue',  or 'my_value',  or '12345', regex used for validation is '(([A-Za-z0-9][-A-Za-z0-9_.]*)?[A-Za-z0-9])?')
Finding issues in commit messages using git format
WARNING: No release found for **********/yo-backend and tag v0.0.12 so creating a new release
Updated the release information at https://github.com/**********/yo-backend/releases/tag/v0.0.12
generated: /workspace/source/charts/yo-backend/templates/release.yaml
Created Release yo-backend-0-0-12 resource in namespace **
Updating PipelineActivity **********-yo-backend-master-2 with version 0.0.12
Updated PipelineActivities **********-yo-backend-master-2 with release notes URL: https://github.com/**********/yo-backend/releases/tag/v0.0.12

Showing logs for build [32miustinam90-yo-backend-master-re-2[0m stage [32mfrom-build-pack[0m and container [32mstep-promote-helm-release[0m
WARNING: No $CHART_REPOSITORY defined so using the default value of: http://jenkins-x-chartmuseum:8080
Adding missing Helm repo: storage.googleapis.com https://storage.googleapis.com/chartmuseum.jenkins-x.io
Successfully added Helm repository storage.googleapis.com.
Adding missing Helm repo: jenkins-x-chartmuseum http://jenkins-x-chartmuseum:8080
Successfully added Helm repository jenkins-x-chartmuseum.
WARNING: No $CHART_REPOSITORY defined so using the default value of: http://jenkins-x-chartmuseum:8080
Uploading chart file yo-backend-0.0.12.tgz to http://jenkins-x-chartmuseum:8080/api/charts
Received 201 response: {"saved":true}

Showing logs for build [32miustinam90-yo-backend-master-re-2[0m stage [32mfrom-build-pack[0m and container [32mstep-promote-jx-promote[0m
WARNING: prow based install so skip waiting for the merge of Pull Requests to go green as currently there is an issue with gettingstatuses from the PR, see https://github.com/jenkins-x/**/issues/2410
Promoting app yo-backend version 0.0.12 to namespace **-staging
Created Pull Request: https://github.com/**********/environment-legrune-staging/pull/2
Pull Request https://github.com/**********/environment-legrune-staging/pull/2 is merged at sha 6136026b5fdbddf8859c37bcfeb5806ba75b9481
Pull Request merged but we are not waiting for the update pipeline to complete!
